<?xml version="1.0" encoding="UTF-8"?>
<!-- Generated by org.testng.reporters.JUnitReportReporter -->
<testsuite skipped="0" hostname="SERAP" name="Selenium" tests="2" failures="0" timestamp="17 Mar 2019 17:02:43 GMT" time="24.627" errors="0">
  <testcase name="Demo" time="24.625" classname="Selenium"/>
  <testcase name="second" time="0.002" classname="Selenium"/>
</testsuite> <!-- Selenium -->
